Arguments: 
  /usr/local/Cellar/node/9.9.0/bin/node /usr/local/Cellar/yarn/1.5.1_1/libexec/bin/yarn.js build

PATH: 
  /Library/Frameworks/Python.framework/Versions/3.6/bin:/usr/local/bin:/usr/bin:/bin:/usr/sbin:/sbin:/Library/Frameworks/Python.framework/Versions/3.6/bin

Yarn version: 
  1.5.1

Node version: 
  9.9.0

Platform: 
  darwin x64

npm manifest: 
  {
    "name": "OpenWater",
    "version": "1.0.0",
    "description": "Boat trip planner full-stack MERN application",
    "main": "server.js",
    "scripts": {
      "test": "echo \"Error: no test specified\" && exit 1",
      "start": "node server.js"
    },
    "repository": {
      "type": "git",
      "url": "git+https://github.com/bayjosh/OpenRoad.git"
    },
    "keywords": [],
    "author": "",
    "license": "ISC",
    "bugs": {
      "url": "https://github.com/bayjosh/OpenRoad/issues"
    },
    "homepage": "https://github.com/bayjosh/OpenWater#readme",
    "dependencies": {
      "animate.css": "^3.6.1",
      "body-parser": "^1.18.2",
      "cheerio": "^1.0.0-rc.2",
      "cookie-parser": "^1.4.3",
      "electron": "^1.8.4",
      "express": "^4.16.3",
      "express-session": "^1.15.6",
      "moment": "^2.22.1",
      "mongoose": "^5.0.14",
      "morgan": "^1.9.0",
      "nightmare": "^3.0.1",
      "nodemon": "^1.17.5",
      "npm": "^5.10.0",
      "path": "^0.12.7",
      "postscribe": "^2.0.8",
      "react-google-maps": "^9.4.5",
      "react-modal": "^3.4.4",
      "react-moment": "^0.7.0",
      "request": "^2.85.0"
    }
  }

yarn manifest: 
  No manifest

Lockfile: 
  No lockfile

Trace: 
  Error: Command "build" not found.
      at new MessageError (/usr/local/Cellar/yarn/1.5.1_1/libexec/lib/cli.js:186:110)
      at /usr/local/Cellar/yarn/1.5.1_1/libexec/lib/cli.js:87307:17
      at Generator.next (<anonymous>)
      at step (/usr/local/Cellar/yarn/1.5.1_1/libexec/lib/cli.js:98:30)
      at /usr/local/Cellar/yarn/1.5.1_1/libexec/lib/cli.js:116:14
      at new Promise (<anonymous>)
      at new F (/usr/local/Cellar/yarn/1.5.1_1/libexec/lib/cli.js:23451:28)
      at /usr/local/Cellar/yarn/1.5.1_1/libexec/lib/cli.js:95:12
      at runCommand (/usr/local/Cellar/yarn/1.5.1_1/libexec/lib/cli.js:87312:22)
      at Object.<anonymous> (/usr/local/Cellar/yarn/1.5.1_1/libexec/lib/cli.js:87412:14)
